<?xml version="1.0" encoding="UTF-8"?>
<testsuite xmlns:xsi="http://www.w3.org/2001/XMLSchema-instance" xsi:noNamespaceSchemaLocation="https://maven.apache.org/surefire/maven-surefire-plugin/xsd/surefire-test-report-3.0.xsd" version="3.0" name="Tienda_Paula.TiendaPaulaApplicationTests" time="2.689" tests="1" errors="0" skipped="0" failures="0">
  <properties>
[...]
</properties>
  <testcase name="contextLoads" classname="Tienda_Paula.TiendaPaulaApplicationTests" time="0.491">
    <system-out><![CDATA[20:04:14.778 [main] INFO org.springframework.test.context.support.AnnotationConfigContextLoaderUtils -- Could not detect default configuration classes for test class [Tienda_Paula.TiendaPaulaApplicationTests]: TiendaPaulaApplicationTests does not declare any static, non-private, non-final, nested classes annotated with @Configuration.
20:04:14.870 [main] INFO org.springframework.boot.test.context.SpringBootTestContextBootstrapper -- Found @SpringBootConfiguration Tienda_Paula.TiendaPaulaApplication for test class Tienda_Paula.TiendaPaulaApplicationTests
20:04:14.996 [main] INFO org.springframework.boot.devtools.restart.RestartApplicationListener -- Restart disabled due to context in which it is running
&amp#27;[2m08:04&amp#27;[0;39m &amp#27;[32m INFO&amp#27;[0;39m &amp#27;[35m2801&amp#27;[0;39m &amp#27;[2m---&amp#27;[0;39m &amp#27;[2m[Tienda_Paula] [           main]&amp#27;[0;39m &amp#27;[2m&amp#27;[0;39m&amp#27;[36mT.TiendaPaulaApplicationTests           &amp#27;[0;39m &amp#27;[2m:&amp#27;[0;39m Starting TiendaPaulaApplicationTests using Java 24.0.2 with PID 2801 (started by paulasteller in /Users/paulasteller/PortafolioPaulaSteller/PortafolioPaulaSteller)
&amp#27;[2m08:04&amp#27;[0;39m &amp#27;[32m INFO&amp#27;[0;39m &amp#27;[35m2801&amp#27;[0;39m &amp#27;[2m---&amp#27;[0;39m &amp#27;[2m[Tienda_Paula] [           main]&amp#27;[0;39m &amp#27;[2m&amp#27;[0;39m&amp#27;[36mT.TiendaPaulaApplicationTests           &amp#27;[0;39m &amp#27;[2m:&amp#27;[0;39m No active profile set, falling back to 1 default profile: "default"
&amp#27;[2m08:04&amp#27;[0;39m &amp#27;[32m INFO&amp#27;[0;39m &amp#27;[35m2801&amp#27;[0;39m &amp#27;[2m---&amp#27;[0;39m &amp#27;[2m[Tienda_Paula] [           main]&amp#27;[0;39m &amp#27;[2m&amp#27;[0;39m&amp#27;[36mo.s.b.a.w.s.WelcomePageHandlerMapping   &amp#27;[0;39m &amp#27;[2m:&amp#27;[0;39m Adding welcome page template: index
&amp#27;[2m08:04&amp#27;[0;39m &amp#27;[32m INFO&amp#27;[0;39m &amp#27;[35m2801&amp#27;[0;39m &amp#27;[2m---&amp#27;[0;39m &amp#27;[2m[Tienda_Paula] [           main]&amp#27;[0;39m &amp#27;[2m&amp#27;[0;39m&amp#27;[36mT.TiendaPaulaApplicationTests           &amp#27;[0;39m &amp#27;[2m:&amp#27;[0;39m Started TiendaPaulaApplicationTests in 1.864 seconds (process running for 2.821)
]]></system-out>
    <system-err><![CDATA[WARNING: A Java agent has been loaded dynamically (/Users/paulasteller/.m2/repository/net/bytebuddy/byte-buddy-agent/1.14.10/byte-buddy-agent-1.14.10.jar)
WARNING: If a serviceability tool is in use, please run with -XX:+EnableDynamicAgentLoading to hide this warning
WARNING: If a serviceability tool is not in use, please run with -Djdk.instrument.traceUsage for more information
WARNING: Dynamic loading of agents will be disallowed by default in a future release
]]></system-err>
  </testcase>
</testsuite>